\BOOKMARK [-1][]{part.1}{I System and Software Design Description \(SSDD\): Incorporating Architectural Views and Detailed Design Criteria \040for \040Groups in a Univeristy Setting}{}% 1
\BOOKMARK [0][]{chapter.1}{Introduction}{part.1}% 2
\BOOKMARK [1][]{section.1.1}{Identification}{chapter.1}% 3
\BOOKMARK [1][]{section.1.2}{Purpose}{chapter.1}% 4
\BOOKMARK [1][]{section.1.3}{Scope}{chapter.1}% 5
\BOOKMARK [1][]{section.1.4}{Definitions, Acronyms, and Abbreviations}{chapter.1}% 6
\BOOKMARK [1][]{section.1.5}{References}{chapter.1}% 7
\BOOKMARK [1][]{section.1.6}{Overview and Restrictions}{chapter.1}% 8
\BOOKMARK [0][]{chapter.2}{Constraints and Stakeholder Concerns}{part.1}% 9
\BOOKMARK [1][]{section.2.1}{Constraints}{chapter.2}% 10
\BOOKMARK [2][]{subsection.2.1.1}{Environmental Constraints}{section.2.1}% 11
\BOOKMARK [2][]{subsection.2.1.2}{System Requirement Constraints}{section.2.1}% 12
\BOOKMARK [2][]{subsection.2.1.3}{User Characteristic Constraints}{section.2.1}% 13
\BOOKMARK [1][]{section.2.2}{Stakeholder Concerns}{chapter.2}% 14
\BOOKMARK [0][]{chapter.3}{System and Software Architechture}{part.1}% 15
\BOOKMARK [1][]{section.3.1}{Users Architectural View}{chapter.3}% 16
\BOOKMARK [2][]{subsection.3.1.1}{User's View Identification}{section.3.1}% 17
\BOOKMARK [2][]{subsection.3.1.2}{User's View Representation and Description}{section.3.1}% 18
\BOOKMARK [1][]{section.3.2}{Developer's Architectural View}{chapter.3}% 19
\BOOKMARK [2][]{subsection.3.2.1}{Developer's View Identification}{section.3.2}% 20
\BOOKMARK [2][]{subsection.3.2.2}{Developer's View Representation and Description}{section.3.2}% 21
\BOOKMARK [2][]{subsection.3.2.3}{Developer's Architectural Rationale}{section.3.2}% 22
\BOOKMARK [1][]{section.3.3}{Consistency of Architecutural Views}{chapter.3}% 23
\BOOKMARK [2][]{subsection.3.3.1}{Developer's Viewpoint Detailed Software Design}{section.3.3}% 24
\BOOKMARK [2][]{subsection.3.3.2}{Component Dictionary}{section.3.3}% 25
\BOOKMARK [2][]{subsection.3.3.3}{Component Detailed Design}{section.3.3}% 26
\BOOKMARK [1][]{section.3.4}{Data Dictionary}{chapter.3}% 27
\BOOKMARK [0][]{chapter.4}{Requirements Traceability}{part.1}% 28
\BOOKMARK [-1][]{part.2}{II Systems and Software Requirements Specification \(SSRS\) \040for \040Groups in a University Setting}{}% 29
\BOOKMARK [0][]{chapter.5}{Overall Description}{part.2}% 30
\BOOKMARK [1][]{section.5.1}{Product Perspective}{chapter.5}% 31
\BOOKMARK [1][]{section.5.2}{Product Functions}{chapter.5}% 32
\BOOKMARK [1][]{section.5.3}{User Characteristics}{chapter.5}% 33
\BOOKMARK [1][]{section.5.4}{Constraints}{chapter.5}% 34
\BOOKMARK [1][]{section.5.5}{Assumptions and Dependencies}{chapter.5}% 35
\BOOKMARK [1][]{section.5.6}{System Level \(Non-Functional\) Requirements}{chapter.5}% 36
\BOOKMARK [2][]{subsection.5.6.1}{Site dependencies}{section.5.6}% 37
\BOOKMARK [2][]{subsection.5.6.2}{Safety, security and privacy requirements}{section.5.6}% 38
\BOOKMARK [2][]{subsection.5.6.3}{Performance requirements}{section.5.6}% 39
\BOOKMARK [2][]{subsection.5.6.4}{System and software quality}{section.5.6}% 40
\BOOKMARK [2][]{subsection.5.6.5}{Packaging and delivery requirements}{section.5.6}% 41
\BOOKMARK [2][]{subsection.5.6.6}{Personnel-related requirements}{section.5.6}% 42
\BOOKMARK [2][]{subsection.5.6.7}{Training-related requirements}{section.5.6}% 43
\BOOKMARK [2][]{subsection.5.6.8}{Logistics-related requirements}{section.5.6}% 44
\BOOKMARK [2][]{subsection.5.6.9}{Precedence and criticality of requirements}{section.5.6}% 45
\BOOKMARK [0][]{chapter.6}{Specific Requirements}{part.2}% 46
\BOOKMARK [1][]{section.6.1}{External Interface Requirements}{chapter.6}% 47
\BOOKMARK [2][]{subsection.6.1.1}{Hardware Interfaces}{section.6.1}% 48
\BOOKMARK [2][]{subsection.6.1.2}{Software Interfaces}{section.6.1}% 49
\BOOKMARK [2][]{subsection.6.1.3}{User Interfaces}{section.6.1}% 50
\BOOKMARK [2][]{subsection.6.1.4}{Other Communication Interfaces}{section.6.1}% 51
\BOOKMARK [1][]{section.6.2}{System Features}{chapter.6}% 52
\BOOKMARK [2][]{subsection.6.2.1}{Use Case Diagrams}{section.6.2}% 53
\BOOKMARK [2][]{subsection.6.2.2}{System feature 1: Officer Management \(Administration Module\)}{section.6.2}% 54
\BOOKMARK [2][]{subsection.6.2.3}{System feature 2: Group Management \(Officer Module\)}{section.6.2}% 55
\BOOKMARK [2][]{subsection.6.2.4}{System feature 3: User Menu}{section.6.2}% 56
\BOOKMARK [2][]{subsection.6.2.5}{System feature 4: Forum Module\)}{section.6.2}% 57
\BOOKMARK [0][]{chapter.7}{Requirements Traceability}{part.2}% 58
\BOOKMARK [1][]{section.7.1}{...}{chapter.7}% 59
\BOOKMARK [2][]{subsection.7.1.1}{...}{section.7.1}% 60
\BOOKMARK [2][]{subsection.7.1.2}{...}{section.7.1}% 61
\BOOKMARK [2][]{subsection.7.1.3}{...}{section.7.1}% 62
\BOOKMARK [2][]{subsection.7.1.4}{...}{section.7.1}% 63
\BOOKMARK [2][]{subsection.7.1.5}{...}{section.7.1}% 64
\BOOKMARK [2][]{subsection.7.1.6}{...}{section.7.1}% 65
\BOOKMARK [1][]{section.7.2}{...}{chapter.7}% 66
\BOOKMARK [2][]{subsection.7.2.1}{...}{section.7.2}% 67
\BOOKMARK [2][]{subsection.7.2.2}{...}{section.7.2}% 68
\BOOKMARK [2][]{subsection.7.2.3}{...}{section.7.2}% 69
\BOOKMARK [2][]{subsection.7.2.4}{...}{section.7.2}% 70
\BOOKMARK [2][]{subsection.7.2.5}{...}{section.7.2}% 71
\BOOKMARK [2][]{subsection.7.2.6}{...}{section.7.2}% 72
\BOOKMARK [1][]{section.7.3}{...}{chapter.7}% 73
\BOOKMARK [2][]{subsection.7.3.1}{...}{section.7.3}% 74
\BOOKMARK [2][]{subsection.7.3.2}{...}{section.7.3}% 75
\BOOKMARK [2][]{subsection.7.3.3}{...}{section.7.3}% 76
\BOOKMARK [2][]{subsection.7.3.4}{...}{section.7.3}% 77
\BOOKMARK [2][]{subsection.7.3.5}{...}{section.7.3}% 78
\BOOKMARK [2][]{subsection.7.3.6}{...}{section.7.3}% 79
\BOOKMARK [-1][]{part.3}{III ...}{}% 80
\BOOKMARK [0][]{appendix.A}{...}{part.3}% 81
\BOOKMARK [0][]{appendix.B}{...}{part.3}% 82
